<?xml version="1.0" encoding="UTF-8"?>
<!-- Generated by org.testng.reporters.JUnitReportReporter -->
<testsuite name="Browsers.Browsers" tests="3" time="10.975" ignored="0" failures="0" timestamp="03 Apr 2018 07:16:13 GMT" skipped="0" hostname="RPC060" errors="0">
  <testcase name="openApplication" time="6.168" classname="Browsers.Browsers"/>
  <testcase name="closeDriver" time="0.008" classname="Browsers.Browsers"/>
  <testcase name="launchBrowser" time="4.799" classname="Browsers.Browsers"/>
</testsuite> <!-- Browsers.Browsers -->
