<?xml version="1.0" encoding="UTF-8"?>
<!-- Generated by org.testng.reporters.JUnitReportReporter -->
<testsuite name="TestNg.A1_Annations" tests="2" time="0.010" ignored="0" failures="0" timestamp="19 Feb 2019 06:50:12 GMT" skipped="0" hostname="RPC060" errors="0">
  <testcase name="f2" time="0.001" classname="TestNg.A1_Annations"/>
  <testcase name="f" time="0.009" classname="TestNg.A1_Annations"/>
</testsuite> <!-- TestNg.A1_Annations -->
