<?xml version="1.0" encoding="UTF-8"?>
<!-- Generated by org.testng.reporters.JUnitReportReporter -->
<testsuite name="TestNg.A3_DataProvider1" tests="3" time="0.013" ignored="0" failures="0" timestamp="25 Jan 2019 11:18:56 GMT" skipped="0" hostname="RPC060" errors="0">
  <testcase name="setData" time="0.008" classname="TestNg.A3_DataProvider1"/>
  <testcase name="setData" time="0.003" classname="TestNg.A3_DataProvider1"/>
  <testcase name="setData" time="0.002" classname="TestNg.A3_DataProvider1"/>
</testsuite> <!-- TestNg.A3_DataProvider1 -->
