<?xml version="1.0" encoding="UTF-8"?>
<!-- Generated by org.testng.reporters.JUnitReportReporter -->
<testsuite skipped="0" hostname="RPC060" name="com.qa.testing.practice.Parallel" tests="6" failures="0" timestamp="25 Jan 2018 05:56:10 GMT" time="7.276" errors="0">
  <testcase name="login_TestCase" time="2.539" classname="com.qa.testing.practice.Parallel"/>
  <testcase name="login_TestCase" time="2.776" classname="com.qa.testing.practice.Parallel"/>
  <testcase name="login_TestCase" time="1.163" classname="com.qa.testing.practice.Parallel"/>
  <testcase name="search_TestCase" time="0.248" classname="com.qa.testing.practice.Parallel"/>
  <testcase name="search_TestCase" time="0.393" classname="com.qa.testing.practice.Parallel"/>
  <testcase name="search_TestCase" time="0.157" classname="com.qa.testing.practice.Parallel"/>
</testsuite> <!-- com.qa.testing.practice.Parallel -->
