<?xml version="1.0" encoding="UTF-8"?>
<!-- Generated by org.testng.reporters.JUnitReportReporter -->
<testsuite name="kentraub.Kentraub" tests="3" time="40.694" ignored="0" failures="0" timestamp="11 Oct 2018 06:06:21 GMT" skipped="0" hostname="RPC060" errors="0">
  <testcase name="testmethodfun" time="13.348" classname="kentraub.Kentraub"/>
  <testcase name="testmethodfun" time="14.003" classname="kentraub.Kentraub"/>
  <testcase name="testmethodfun" time="13.343" classname="kentraub.Kentraub"/>
</testsuite> <!-- kentraub.Kentraub -->
